2026-01-13 16:40:17,401 - __main__ - INFO - Logging to file: /media/sepehr/Data1/OneDrive/AI/SPCToolkit-Plugin Base 00/spctoolkit_debug.log
2026-01-13 16:40:18,362 - __main__ - INFO - Pre-initializing hardware detection...
2026-01-13 16:40:18,362 - services.hardware_detector - INFO - Detecting hardware configuration...
2026-01-13 16:40:18,526 - services.hardware_detector - INFO - NVIDIA GPU detected: NVIDIA GeForce RTX 3080 Laptop GPU (7840 MB)
2026-01-13 16:40:18,847 - services.hardware_detector - INFO - CuPy is available and working
2026-01-13 16:40:19,988 - services.hardware_detector - INFO - cuML (RAPIDS) is available
2026-01-13 16:40:20,016 - OpenGL.platform.ctypesloader - DEBUG - Loaded libGLX.so => libGLX.so.0 <CDLL 'libGLX.so.0', handle 172d0720 at 0x728f9e91f710>
2026-01-13 16:40:20,016 - OpenGL.acceleratesupport - INFO - No OpenGL_accelerate module loaded: No module named 'OpenGL_accelerate'
2026-01-13 16:40:20,022 - OpenGL.platform.ctypesloader - DEBUG - Loaded libOpenGL.so => libOpenGL.so.0 <CDLL 'libOpenGL.so.0', handle 17501390 at 0x728f9e9a5c70>
2026-01-13 16:40:20,070 - OpenGL.platform.ctypesloader - DEBUG - Loaded libGLU.so => libGLU.so.1 <CDLL 'libGLU.so.1', handle 179867b0 at 0x728f9e8c94f0>
2026-01-13 16:40:20,941 - matplotlib - DEBUG - matplotlib data path: /home/sepehr/miniconda3/envs/pointcloud/lib/python3.12/site-packages/matplotlib/mpl-data
2026-01-13 16:40:20,944 - matplotlib - DEBUG - CONFIGDIR=/home/sepehr/.config/matplotlib
2026-01-13 16:40:20,944 - matplotlib - DEBUG - interactive is False
2026-01-13 16:40:20,944 - matplotlib - DEBUG - platform is linux
2026-01-13 16:40:20,959 - matplotlib - DEBUG - CACHEDIR=/home/sepehr/.cache/matplotlib
2026-01-13 16:40:20,961 - matplotlib.font_manager - DEBUG - Using fontManager instance from /home/sepehr/.cache/matplotlib/fontlist-v390.json
2026-01-13 16:40:21,199 - services.backend_registry - INFO - Backend scenario: FULL GPU (Linux + NVIDIA + RAPIDS)
2026-01-13 16:40:21,199 - services.backend_registry - INFO - DBSCAN backend: cuML (GPU)
2026-01-13 16:40:21,199 - services.backend_registry - INFO - KNN backend: cuML (GPU)
2026-01-13 16:40:21,199 - services.backend_registry - INFO - Masking backend: CuPy (GPU)
2026-01-13 16:40:21,199 - services.backend_registry - INFO - Eigenvalue backend: PyTorch CUDA (GPU)
2026-01-13 16:40:21,206 - __main__ - INFO - Hardware: NVIDIA GeForce RTX 3080 Laptop GPU | Mode: FULL GPU
2026-01-13 16:40:21,220 - matplotlib.pyplot - DEBUG - Loaded backend Qt5Agg version 5.15.11.
2026-01-13 16:40:21,238 - services.hardware_detector - DEBUG - NVML initialized successfully
2026-01-13 16:40:32,732 - gui.widgets.pcd_viewer_widget - DEBUG - PCDViewerWidget.set_points() called
2026-01-13 16:40:32,732 - gui.widgets.pcd_viewer_widget - DEBUG -   Clearing display
2026-01-13 16:40:32,877 - services.memory_manager - DEBUG - CuPy memory pools cleared
2026-01-13 16:40:32,877 - services.memory_manager - DEBUG - Memory cleanup completed
2026-01-13 16:40:32,877 - gui.widgets.tree_structure_widget - DEBUG - TreeStructureWidget.add_branch() called
2026-01-13 16:40:32,877 - gui.widgets.tree_structure_widget - DEBUG -   uuid: 89690285...
2026-01-13 16:40:32,877 - gui.widgets.tree_structure_widget - DEBUG -   parent_uuid: None...
2026-01-13 16:40:32,877 - gui.widgets.tree_structure_widget - DEBUG -   name: L001-3M.ply
2026-01-13 16:40:32,877 - gui.widgets.tree_structure_widget - DEBUG -   is_root: True
2026-01-13 16:40:32,877 - gui.widgets.tree_structure_widget - DEBUG -   Total branches before: 0
2026-01-13 16:40:32,877 - gui.widgets.tree_structure_widget - DEBUG -   Added as top-level item
2026-01-13 16:40:32,877 - gui.widgets.tree_structure_widget - DEBUG -   Total branches after: 1
2026-01-13 16:40:32,877 - gui.widgets.tree_structure_widget - DEBUG -   Emitting branch_added signal...
2026-01-13 16:40:32,877 - gui.widgets.tree_structure_widget - DEBUG -   branch_added signal emitted
2026-01-13 16:40:32,877 - gui.widgets.tree_structure_widget - DEBUG - TreeStructureWidget.add_branch() called
2026-01-13 16:40:32,877 - gui.widgets.tree_structure_widget - DEBUG -   uuid: 095da27f...
2026-01-13 16:40:32,877 - gui.widgets.tree_structure_widget - DEBUG -   parent_uuid: 89690285...
2026-01-13 16:40:32,877 - gui.widgets.tree_structure_widget - DEBUG -   name: filtering,{'condition': 'abs(point_cloud.normals[:, 2]) >= 0.95'}
2026-01-13 16:40:32,877 - gui.widgets.tree_structure_widget - DEBUG -   is_root: False
2026-01-13 16:40:32,877 - gui.widgets.tree_structure_widget - DEBUG -   Total branches before: 1
2026-01-13 16:40:32,877 - gui.widgets.tree_structure_widget - DEBUG -   Added as child to parent: 89690285...
2026-01-13 16:40:32,877 - gui.widgets.tree_structure_widget - DEBUG -   Total branches after: 2
2026-01-13 16:40:32,877 - gui.widgets.tree_structure_widget - DEBUG -   Emitting branch_added signal...
2026-01-13 16:40:32,877 - gui.widgets.tree_structure_widget - DEBUG -   branch_added signal emitted
2026-01-13 16:40:32,877 - gui.widgets.tree_structure_widget - DEBUG - TreeStructureWidget.add_branch() called
2026-01-13 16:40:32,877 - gui.widgets.tree_structure_widget - DEBUG -   uuid: 5ace2bdc...
2026-01-13 16:40:32,877 - gui.widgets.tree_structure_widget - DEBUG -   parent_uuid: 095da27f...
2026-01-13 16:40:32,877 - gui.widgets.tree_structure_widget - DEBUG -   name: dbscan,{'eps': 0.2, 'min_samples': 5, 'target_batch_size': 250000}
2026-01-13 16:40:32,877 - gui.widgets.tree_structure_widget - DEBUG -   is_root: False
2026-01-13 16:40:32,877 - gui.widgets.tree_structure_widget - DEBUG -   Total branches before: 2
2026-01-13 16:40:32,877 - gui.widgets.tree_structure_widget - DEBUG -   Added as child to parent: 095da27f...
2026-01-13 16:40:32,877 - gui.widgets.tree_structure_widget - DEBUG -   Total branches after: 3
2026-01-13 16:40:32,877 - gui.widgets.tree_structure_widget - DEBUG -   Emitting branch_added signal...
2026-01-13 16:40:32,877 - gui.widgets.tree_structure_widget - DEBUG -   branch_added signal emitted
2026-01-13 16:40:32,878 - gui.widgets.tree_structure_widget - DEBUG - TreeStructureWidget.add_branch() called
2026-01-13 16:40:32,878 - gui.widgets.tree_structure_widget - DEBUG -   uuid: 5cdc8d09...
2026-01-13 16:40:32,878 - gui.widgets.tree_structure_widget - DEBUG -   parent_uuid: 5ace2bdc...
2026-01-13 16:40:32,878 - gui.widgets.tree_structure_widget - DEBUG -   name: separate_selected_clusters,{'new_branch_name': 'Ground'}
2026-01-13 16:40:32,878 - gui.widgets.tree_structure_widget - DEBUG -   is_root: False
2026-01-13 16:40:32,878 - gui.widgets.tree_structure_widget - DEBUG -   Total branches before: 3
2026-01-13 16:40:32,878 - gui.widgets.tree_structure_widget - DEBUG -   Added as child to parent: 5ace2bdc...
2026-01-13 16:40:32,878 - gui.widgets.tree_structure_widget - DEBUG -   Total branches after: 4
2026-01-13 16:40:32,878 - gui.widgets.tree_structure_widget - DEBUG -   Emitting branch_added signal...
2026-01-13 16:40:32,878 - gui.widgets.tree_structure_widget - DEBUG -   branch_added signal emitted
2026-01-13 16:40:32,878 - gui.widgets.tree_structure_widget - DEBUG - TreeStructureWidget.add_branch() called
2026-01-13 16:40:32,878 - gui.widgets.tree_structure_widget - DEBUG -   uuid: d0341a14...
2026-01-13 16:40:32,878 - gui.widgets.tree_structure_widget - DEBUG -   parent_uuid: 89690285...
2026-01-13 16:40:32,878 - gui.widgets.tree_structure_widget - DEBUG -   name: subtract,{'subtract_node': '5cdc8d09-dc02-487a-ad9f-ebbfcc276955'}
2026-01-13 16:40:32,878 - gui.widgets.tree_structure_widget - DEBUG -   is_root: False
2026-01-13 16:40:32,878 - gui.widgets.tree_structure_widget - DEBUG -   Total branches before: 4
2026-01-13 16:40:32,878 - gui.widgets.tree_structure_widget - DEBUG -   Added as child to parent: 89690285...
2026-01-13 16:40:32,878 - gui.widgets.tree_structure_widget - DEBUG -   Total branches after: 5
2026-01-13 16:40:32,878 - gui.widgets.tree_structure_widget - DEBUG -   Emitting branch_added signal...
2026-01-13 16:40:32,878 - gui.widgets.tree_structure_widget - DEBUG -   branch_added signal emitted
2026-01-13 16:40:32,878 - gui.widgets.tree_structure_widget - DEBUG - TreeStructureWidget.add_branch() called
2026-01-13 16:40:32,878 - gui.widgets.tree_structure_widget - DEBUG -   uuid: f310ea1e...
2026-01-13 16:40:32,878 - gui.widgets.tree_structure_widget - DEBUG -   parent_uuid: d0341a14...
2026-01-13 16:40:32,878 - gui.widgets.tree_structure_widget - DEBUG -   name: dbscan,{'eps': 0.2, 'min_samples': 5, 'target_batch_size': 250000}
2026-01-13 16:40:32,878 - gui.widgets.tree_structure_widget - DEBUG -   is_root: False
2026-01-13 16:40:32,878 - gui.widgets.tree_structure_widget - DEBUG -   Total branches before: 5
2026-01-13 16:40:32,878 - gui.widgets.tree_structure_widget - DEBUG -   Added as child to parent: d0341a14...
2026-01-13 16:40:32,878 - gui.widgets.tree_structure_widget - DEBUG -   Total branches after: 6
2026-01-13 16:40:32,878 - gui.widgets.tree_structure_widget - DEBUG -   Emitting branch_added signal...
2026-01-13 16:40:32,878 - gui.widgets.tree_structure_widget - DEBUG -   branch_added signal emitted
2026-01-13 16:40:32,878 - gui.widgets.tree_structure_widget - DEBUG - TreeStructureWidget.add_branch() called
2026-01-13 16:40:32,878 - gui.widgets.tree_structure_widget - DEBUG -   uuid: 1d05afdf...
2026-01-13 16:40:32,878 - gui.widgets.tree_structure_widget - DEBUG -   parent_uuid: d0341a14...
2026-01-13 16:40:32,878 - gui.widgets.tree_structure_widget - DEBUG -   name: dbscan,{'eps': 0.3, 'min_samples': 5, 'target_batch_size': 250000}
2026-01-13 16:40:32,878 - gui.widgets.tree_structure_widget - DEBUG -   is_root: False
2026-01-13 16:40:32,878 - gui.widgets.tree_structure_widget - DEBUG -   Total branches before: 6
2026-01-13 16:40:32,878 - gui.widgets.tree_structure_widget - DEBUG -   Added as child to parent: d0341a14...
2026-01-13 16:40:32,878 - gui.widgets.tree_structure_widget - DEBUG -   Total branches after: 7
2026-01-13 16:40:32,878 - gui.widgets.tree_structure_widget - DEBUG -   Emitting branch_added signal...
2026-01-13 16:40:32,878 - gui.widgets.tree_structure_widget - DEBUG -   branch_added signal emitted
2026-01-13 16:40:32,878 - gui.widgets.tree_structure_widget - DEBUG - TreeStructureWidget.add_branch() called
2026-01-13 16:40:32,878 - gui.widgets.tree_structure_widget - DEBUG -   uuid: 558375f5...
2026-01-13 16:40:32,878 - gui.widgets.tree_structure_widget - DEBUG -   parent_uuid: 1d05afdf...
2026-01-13 16:40:32,878 - gui.widgets.tree_structure_widget - DEBUG -   name: feature_classes
2026-01-13 16:40:32,878 - gui.widgets.tree_structure_widget - DEBUG -   is_root: False
2026-01-13 16:40:32,878 - gui.widgets.tree_structure_widget - DEBUG -   Total branches before: 7
2026-01-13 16:40:32,878 - gui.widgets.tree_structure_widget - DEBUG -   Added as child to parent: 1d05afdf...
2026-01-13 16:40:32,878 - gui.widgets.tree_structure_widget - DEBUG -   Total branches after: 8
2026-01-13 16:40:32,878 - gui.widgets.tree_structure_widget - DEBUG -   Emitting branch_added signal...
2026-01-13 16:40:32,878 - gui.widgets.tree_structure_widget - DEBUG -   branch_added signal emitted
2026-01-13 16:40:32,878 - gui.widgets.tree_structure_widget - DEBUG - TreeStructureWidget.add_branch() called
2026-01-13 16:40:32,878 - gui.widgets.tree_structure_widget - DEBUG -   uuid: df1f3f77...
2026-01-13 16:40:32,878 - gui.widgets.tree_structure_widget - DEBUG -   parent_uuid: d0341a14...
2026-01-13 16:40:32,878 - gui.widgets.tree_structure_widget - DEBUG -   name: dbscan,{'eps': 0.5, 'min_samples': 5, 'target_batch_size': 250000}
2026-01-13 16:40:32,878 - gui.widgets.tree_structure_widget - DEBUG -   is_root: False
2026-01-13 16:40:32,878 - gui.widgets.tree_structure_widget - DEBUG -   Total branches before: 8
2026-01-13 16:40:32,879 - gui.widgets.tree_structure_widget - DEBUG -   Added as child to parent: d0341a14...
2026-01-13 16:40:32,879 - gui.widgets.tree_structure_widget - DEBUG -   Total branches after: 9
2026-01-13 16:40:32,879 - gui.widgets.tree_structure_widget - DEBUG -   Emitting branch_added signal...
2026-01-13 16:40:32,879 - gui.widgets.tree_structure_widget - DEBUG -   branch_added signal emitted
2026-01-13 16:40:32,889 - core.data_manager - DEBUG - _render_visible_data() called
2026-01-13 16:40:32,889 - core.data_manager - DEBUG -   Visible branches: 1
2026-01-13 16:40:32,889 - core.data_manager - DEBUG -   Total points: 1,722,929, all_cached: False
2026-01-13 16:40:32,889 - services.memory_manager - DEBUG - Memory check: 1,722,929 points, cached=False
2026-01-13 16:40:32,889 - services.memory_manager - DEBUG -   Required: 94 MB, Available: 7,050 MB
2026-01-13 16:40:32,889 - core.data_manager - DEBUG -   Processing branch 1/1: 558375f5...
2026-01-13 16:40:32,908 - core.point_cloud - DEBUG - _apply_mask_inplace() called, mask has 1,722,929 True values
2026-01-13 16:40:32,908 - core.point_cloud - DEBUG -   Applying mask to points (2,908,131 points)...
2026-01-13 16:40:32,908 - services.backends.base - INFO - Masking (array) running on CuPy (GPU)
2026-01-13 16:40:33,169 - services.memory_manager - DEBUG - CuPy memory pools cleared
2026-01-13 16:40:33,169 - services.memory_manager - DEBUG - Memory cleanup completed
2026-01-13 16:40:33,173 - core.point_cloud - DEBUG -   Points masked: 1,722,929 points remaining
2026-01-13 16:40:33,173 - core.point_cloud - DEBUG -   Updating OBB dimensions...
2026-01-13 16:40:34,133 - core.point_cloud - DEBUG -   OBB update complete
2026-01-13 16:40:34,133 - core.point_cloud - DEBUG -   Applying mask to colors...
2026-01-13 16:40:34,133 - services.backends.base - INFO - Masking (array) running on CuPy (GPU)
2026-01-13 16:40:34,342 - services.memory_manager - DEBUG - CuPy memory pools cleared
2026-01-13 16:40:34,342 - services.memory_manager - DEBUG - Memory cleanup completed
2026-01-13 16:40:34,345 - core.point_cloud - DEBUG -   Colors masked
2026-01-13 16:40:34,345 - core.point_cloud - DEBUG -   Applying mask to normals...
2026-01-13 16:40:34,345 - services.backends.base - INFO - Masking (array) running on CuPy (GPU)
2026-01-13 16:40:34,552 - services.memory_manager - DEBUG - CuPy memory pools cleared
2026-01-13 16:40:34,553 - services.memory_manager - DEBUG - Memory cleanup completed
2026-01-13 16:40:34,557 - core.point_cloud - DEBUG -   Normals masked
2026-01-13 16:40:34,557 - core.point_cloud - DEBUG -   Processing 0 custom attributes...
2026-01-13 16:40:34,557 - core.point_cloud - DEBUG - _apply_mask_inplace() completed
2026-01-13 16:40:34,557 - core.point_cloud - DEBUG - PointCloud.__init__() called
2026-01-13 16:40:34,557 - core.point_cloud - DEBUG -   Points shape: (1722929, 3)
2026-01-13 16:40:34,557 - core.point_cloud - DEBUG -   Points dtype: float32
2026-01-13 16:40:34,557 - core.point_cloud - DEBUG -   Points memory: 19.72 MB
2026-01-13 16:40:34,557 - core.point_cloud - DEBUG -   Colors shape: (1722929, 3), memory: 19.72 MB
2026-01-13 16:40:34,557 - core.point_cloud - DEBUG -   Normals shape: (1722929, 3), memory: 19.72 MB
2026-01-13 16:40:34,559 - core.point_cloud - DEBUG -   Calculating OBB...
2026-01-13 16:40:35,533 - core.point_cloud - DEBUG -   PointCloud created: 1722929 points, name=None
2026-01-13 16:40:35,542 - core.point_cloud - DEBUG - _apply_mask_inplace() called, mask has 1,722,929 True values
2026-01-13 16:40:35,543 - core.point_cloud - DEBUG -   Applying mask to points (1,722,929 points)...
2026-01-13 16:40:35,543 - services.backends.base - INFO - Masking (array) running on CuPy (GPU)
2026-01-13 16:40:35,721 - services.memory_manager - DEBUG - CuPy memory pools cleared
2026-01-13 16:40:35,721 - services.memory_manager - DEBUG - Memory cleanup completed
2026-01-13 16:40:35,725 - core.point_cloud - DEBUG -   Points masked: 1,722,929 points remaining
2026-01-13 16:40:35,725 - core.point_cloud - DEBUG -   Updating OBB dimensions...
2026-01-13 16:40:36,693 - core.point_cloud - DEBUG -   OBB update complete
2026-01-13 16:40:36,693 - core.point_cloud - DEBUG -   Applying mask to colors...
2026-01-13 16:40:36,693 - services.backends.base - INFO - Masking (array) running on CuPy (GPU)
2026-01-13 16:40:36,870 - services.memory_manager - DEBUG - CuPy memory pools cleared
2026-01-13 16:40:36,870 - services.memory_manager - DEBUG - Memory cleanup completed
2026-01-13 16:40:36,871 - core.point_cloud - DEBUG -   Colors masked
2026-01-13 16:40:36,871 - core.point_cloud - DEBUG -   Applying mask to normals...
2026-01-13 16:40:36,871 - services.backends.base - INFO - Masking (array) running on CuPy (GPU)
2026-01-13 16:40:37,048 - services.memory_manager - DEBUG - CuPy memory pools cleared
2026-01-13 16:40:37,048 - services.memory_manager - DEBUG - Memory cleanup completed
2026-01-13 16:40:37,050 - core.point_cloud - DEBUG -   Normals masked
2026-01-13 16:40:37,050 - core.point_cloud - DEBUG -   Processing 0 custom attributes...
2026-01-13 16:40:37,050 - core.point_cloud - DEBUG - _apply_mask_inplace() completed
2026-01-13 16:40:37,089 - core.data_manager - DEBUG -     Reconstructed: 1,722,929 points
2026-01-13 16:40:37,089 - core.data_manager - DEBUG -     [AUTO-CACHE] feature_classes (65.72 MB)
2026-01-13 16:40:37,096 - core.data_manager - INFO -   Rendering 1,722,929 points
2026-01-13 16:40:37,096 - gui.widgets.pcd_viewer_widget - DEBUG - PCDViewerWidget.set_points() called
2026-01-13 16:40:37,096 - gui.widgets.pcd_viewer_widget - DEBUG -   Points: (1722929, 3), 19.7 MB
2026-01-13 16:40:37,096 - gui.widgets.pcd_viewer_widget - DEBUG -   Colors: (1722929, 3), 19.7 MB
2026-01-13 16:40:37,235 - services.memory_manager - DEBUG - CuPy memory pools cleared
2026-01-13 16:40:37,235 - services.memory_manager - DEBUG - Memory cleanup completed
2026-01-13 16:40:37,253 - gui.widgets.pcd_viewer_widget - DEBUG -   Combined array: (1722929, 6), 39.4 MB
2026-01-13 16:40:37,253 - gui.widgets.pcd_viewer_widget - DEBUG -   set_points() completed
2026-01-13 16:40:37,253 - gui.widgets.pcd_viewer_widget - DEBUG - zoom_to_extent() called
2026-01-13 16:40:37,253 - gui.widgets.pcd_viewer_widget - DEBUG -   Processing 1722929 points
2026-01-13 16:40:37,253 - gui.widgets.pcd_viewer_widget - DEBUG -   Calculating bounding box...
2026-01-13 16:40:37,312 - gui.widgets.pcd_viewer_widget - DEBUG -   Center: [134.84052 165.03848  20.61   ]
2026-01-13 16:40:37,312 - gui.widgets.pcd_viewer_widget - DEBUG -   Size: [269.68103 330.07697  41.22   ]
2026-01-13 16:40:37,312 - gui.widgets.pcd_viewer_widget - DEBUG -   Max extent: 330.07696533203125
2026-01-13 16:40:37,313 - gui.widgets.pcd_viewer_widget - DEBUG -   Camera distance: 343.02604461793743
2026-01-13 16:40:37,313 - gui.widgets.pcd_viewer_widget - DEBUG -   Updating view...
2026-01-13 16:40:37,313 - gui.widgets.pcd_viewer_widget - DEBUG -   zoom_to_extent() completed
2026-01-13 16:40:37,313 - core.data_manager - DEBUG - _render_visible_data() completed
2026-01-13 16:40:37,314 - gui.widgets.pcd_viewer_widget - DEBUG -   Creating VBO: 1,722,929 points, 39.4 MB
2026-01-13 16:40:37,315 - gui.widgets.pcd_viewer_widget - DEBUG -   VBO created
2026-01-13 16:40:45,220 - gui.widgets.tree_structure_widget - DEBUG - mousePressEvent: Ctrl held = False
2026-01-13 16:40:45,593 - core.data_manager - DEBUG - _render_visible_data() called
2026-01-13 16:40:45,594 - core.data_manager - DEBUG -   Visible branches: 2
2026-01-13 16:40:45,594 - core.data_manager - DEBUG -   Total points: 4,631,060, all_cached: True
2026-01-13 16:40:45,594 - services.memory_manager - DEBUG - Memory check: 4,631,060 points, cached=True
2026-01-13 16:40:45,594 - services.memory_manager - DEBUG -   Required: 127 MB, Available: 6,859 MB
2026-01-13 16:40:45,594 - core.data_manager - DEBUG -   Processing branch 1/2: 89690285...
2026-01-13 16:40:45,594 - core.data_manager - DEBUG -     Reconstructed: 2,908,131 points
2026-01-13 16:40:45,606 - core.data_manager - DEBUG -   Processing branch 2/2: 558375f5...
2026-01-13 16:40:45,606 - core.data_manager - DEBUG -     Reconstructed: 1,722,929 points
2026-01-13 16:40:45,612 - core.data_manager - INFO -   Rendering 4,631,060 points
2026-01-13 16:40:45,613 - gui.widgets.pcd_viewer_widget - DEBUG - PCDViewerWidget.set_points() called
2026-01-13 16:40:45,613 - gui.widgets.pcd_viewer_widget - DEBUG -   Points: (4631060, 3), 53.0 MB
2026-01-13 16:40:45,613 - gui.widgets.pcd_viewer_widget - DEBUG -   Colors: (4631060, 3), 53.0 MB
2026-01-13 16:40:45,764 - services.memory_manager - DEBUG - CuPy memory pools cleared
2026-01-13 16:40:45,764 - services.memory_manager - DEBUG - Memory cleanup completed
2026-01-13 16:40:45,822 - gui.widgets.pcd_viewer_widget - DEBUG -   Combined array: (4631060, 6), 106.0 MB
2026-01-13 16:40:45,822 - gui.widgets.pcd_viewer_widget - DEBUG -   set_points() completed
2026-01-13 16:40:45,822 - core.data_manager - DEBUG - _render_visible_data() completed
2026-01-13 16:40:45,824 - gui.widgets.pcd_viewer_widget - DEBUG -   Creating VBO: 4,631,060 points, 106.0 MB
2026-01-13 16:40:45,824 - gui.widgets.pcd_viewer_widget - DEBUG -   VBO created
2026-01-13 16:40:48,896 - gui.widgets.tree_structure_widget - DEBUG - mousePressEvent: Ctrl held = False
2026-01-13 16:40:49,065 - core.data_manager - DEBUG - _render_visible_data() called
2026-01-13 16:40:49,065 - core.data_manager - DEBUG -   Visible branches: 1
2026-01-13 16:40:49,065 - core.data_manager - DEBUG -   Total points: 1,722,929, all_cached: True
2026-01-13 16:40:49,065 - services.memory_manager - DEBUG - Memory check: 1,722,929 points, cached=True
2026-01-13 16:40:49,065 - services.memory_manager - DEBUG -   Required: 47 MB, Available: 6,763 MB
2026-01-13 16:40:49,065 - core.data_manager - DEBUG -   Processing branch 1/1: 558375f5...
2026-01-13 16:40:49,065 - core.data_manager - DEBUG -     Reconstructed: 1,722,929 points
2026-01-13 16:40:49,069 - core.data_manager - INFO -   Rendering 1,722,929 points
2026-01-13 16:40:49,069 - gui.widgets.pcd_viewer_widget - DEBUG - PCDViewerWidget.set_points() called
2026-01-13 16:40:49,069 - gui.widgets.pcd_viewer_widget - DEBUG -   Points: (1722929, 3), 19.7 MB
2026-01-13 16:40:49,069 - gui.widgets.pcd_viewer_widget - DEBUG -   Colors: (1722929, 3), 19.7 MB
2026-01-13 16:40:49,212 - services.memory_manager - DEBUG - CuPy memory pools cleared
2026-01-13 16:40:49,212 - services.memory_manager - DEBUG - Memory cleanup completed
2026-01-13 16:40:49,230 - gui.widgets.pcd_viewer_widget - DEBUG -   Combined array: (1722929, 6), 39.4 MB
2026-01-13 16:40:49,230 - gui.widgets.pcd_viewer_widget - DEBUG -   set_points() completed
2026-01-13 16:40:49,230 - core.data_manager - DEBUG - _render_visible_data() completed
2026-01-13 16:40:49,232 - gui.widgets.pcd_viewer_widget - DEBUG -   Creating VBO: 1,722,929 points, 39.4 MB
2026-01-13 16:40:49,232 - gui.widgets.pcd_viewer_widget - DEBUG -   VBO created
2026-01-13 16:40:50,442 - gui.widgets.tree_structure_widget - DEBUG - mousePressEvent: Ctrl held = False
2026-01-13 16:40:50,640 - core.data_manager - DEBUG - _render_visible_data() called
2026-01-13 16:40:50,640 - core.data_manager - DEBUG -   Visible branches: 2
2026-01-13 16:40:50,641 - core.data_manager - DEBUG -   Total points: 4,631,060, all_cached: True
2026-01-13 16:40:50,641 - services.memory_manager - DEBUG - Memory check: 4,631,060 points, cached=True
2026-01-13 16:40:50,641 - services.memory_manager - DEBUG -   Required: 127 MB, Available: 6,882 MB
2026-01-13 16:40:50,641 - core.data_manager - DEBUG -   Processing branch 1/2: 89690285...
2026-01-13 16:40:50,641 - core.data_manager - DEBUG -     Reconstructed: 2,908,131 points
2026-01-13 16:40:50,652 - core.data_manager - DEBUG -   Processing branch 2/2: 558375f5...
2026-01-13 16:40:50,652 - core.data_manager - DEBUG -     Reconstructed: 1,722,929 points
2026-01-13 16:40:50,656 - core.data_manager - INFO -   Rendering 4,631,060 points
2026-01-13 16:40:50,656 - gui.widgets.pcd_viewer_widget - DEBUG - PCDViewerWidget.set_points() called
2026-01-13 16:40:50,656 - gui.widgets.pcd_viewer_widget - DEBUG -   Points: (4631060, 3), 53.0 MB
2026-01-13 16:40:50,656 - gui.widgets.pcd_viewer_widget - DEBUG -   Colors: (4631060, 3), 53.0 MB
2026-01-13 16:40:50,796 - services.memory_manager - DEBUG - CuPy memory pools cleared
2026-01-13 16:40:50,796 - services.memory_manager - DEBUG - Memory cleanup completed
2026-01-13 16:40:50,854 - gui.widgets.pcd_viewer_widget - DEBUG -   Combined array: (4631060, 6), 106.0 MB
2026-01-13 16:40:50,854 - gui.widgets.pcd_viewer_widget - DEBUG -   set_points() completed
2026-01-13 16:40:50,854 - core.data_manager - DEBUG - _render_visible_data() completed
2026-01-13 16:40:50,856 - gui.widgets.pcd_viewer_widget - DEBUG -   Creating VBO: 4,631,060 points, 106.0 MB
2026-01-13 16:40:50,856 - gui.widgets.pcd_viewer_widget - DEBUG -   VBO created
2026-01-13 16:40:53,070 - gui.widgets.tree_structure_widget - DEBUG - mousePressEvent: Ctrl held = False
2026-01-13 16:40:53,203 - core.data_manager - DEBUG - _render_visible_data() called
2026-01-13 16:40:53,203 - core.data_manager - DEBUG -   Visible branches: 3
2026-01-13 16:40:53,203 - core.data_manager - DEBUG -   Total points: 4,631,060, all_cached: False
2026-01-13 16:40:53,203 - services.memory_manager - DEBUG - Memory check: 4,631,060 points, cached=False
2026-01-13 16:40:53,203 - services.memory_manager - DEBUG -   Required: 254 MB, Available: 6,785 MB
2026-01-13 16:40:53,203 - core.data_manager - DEBUG -   Processing branch 1/3: 89690285...
2026-01-13 16:40:53,204 - core.data_manager - DEBUG -     Reconstructed: 2,908,131 points
2026-01-13 16:40:53,214 - core.data_manager - DEBUG -   Processing branch 2/3: 095da27f...
2026-01-13 16:40:53,227 - core.point_cloud - DEBUG - _apply_mask_inplace() called, mask has 1,381,376 True values
2026-01-13 16:40:53,227 - core.point_cloud - DEBUG -   Applying mask to points (2,908,131 points)...
2026-01-13 16:40:53,227 - services.backends.base - INFO - Masking (array) running on CuPy (GPU)
2026-01-13 16:40:53,445 - services.memory_manager - DEBUG - CuPy memory pools cleared
2026-01-13 16:40:53,445 - services.memory_manager - DEBUG - Memory cleanup completed
2026-01-13 16:40:53,446 - core.point_cloud - DEBUG -   Points masked: 1,381,376 points remaining
2026-01-13 16:40:53,446 - core.point_cloud - DEBUG -   Updating OBB dimensions...
2026-01-13 16:40:54,185 - core.point_cloud - DEBUG -   OBB update complete
2026-01-13 16:40:54,185 - core.point_cloud - DEBUG -   Applying mask to colors...
2026-01-13 16:40:54,185 - services.backends.base - INFO - Masking (array) running on CuPy (GPU)
2026-01-13 16:40:54,393 - services.memory_manager - DEBUG - CuPy memory pools cleared
2026-01-13 16:40:54,393 - services.memory_manager - DEBUG - Memory cleanup completed
2026-01-13 16:40:54,394 - core.point_cloud - DEBUG -   Colors masked
2026-01-13 16:40:54,395 - core.point_cloud - DEBUG -   Applying mask to normals...
2026-01-13 16:40:54,395 - services.backends.base - INFO - Masking (array) running on CuPy (GPU)
2026-01-13 16:40:54,602 - services.memory_manager - DEBUG - CuPy memory pools cleared
2026-01-13 16:40:54,602 - services.memory_manager - DEBUG - Memory cleanup completed
2026-01-13 16:40:54,604 - core.point_cloud - DEBUG -   Normals masked
2026-01-13 16:40:54,604 - core.point_cloud - DEBUG -   Processing 0 custom attributes...
2026-01-13 16:40:54,604 - core.point_cloud - DEBUG - _apply_mask_inplace() completed
2026-01-13 16:40:54,604 - core.data_manager - DEBUG -     Reconstructed: 1,381,376 points
2026-01-13 16:40:54,604 - core.data_manager - DEBUG -     [AUTO-CACHE] filtering,{'condition': 'abs(point_cloud.normals[:, 2]) >= 0.95'} (47.43 MB)
2026-01-13 16:40:54,609 - core.data_manager - DEBUG -   Processing branch 3/3: 558375f5...
2026-01-13 16:40:54,609 - core.data_manager - DEBUG -     Reconstructed: 1,722,929 points
2026-01-13 16:40:54,609 - core.data_manager - ERROR -     Error: could not broadcast input array from shape (1722929,3) into shape (341553,3)
2026-01-13 16:40:54,610 - core.data_manager - ERROR - Traceback (most recent call last):
  File "/media/sepehr/Data1/OneDrive/AI/SPCToolkit-Plugin Base 00/core/data_manager.py", line 613, in _render_visible_data
    all_points[offset:offset + n] = point_cloud.points
    ~~~~~~~~~~^^^^^^^^^^^^^^^^^^^
ValueError: could not broadcast input array from shape (1722929,3) into shape (341553,3)

2026-01-13 16:40:54,610 - core.data_manager - INFO -   Rendering 4,289,507 points
2026-01-13 16:40:54,610 - gui.widgets.pcd_viewer_widget - DEBUG - PCDViewerWidget.set_points() called
2026-01-13 16:40:54,610 - gui.widgets.pcd_viewer_widget - DEBUG -   Points: (4289507, 3), 49.1 MB
2026-01-13 16:40:54,610 - gui.widgets.pcd_viewer_widget - DEBUG -   Colors: (4289507, 3), 49.1 MB
2026-01-13 16:40:54,751 - services.memory_manager - DEBUG - CuPy memory pools cleared
2026-01-13 16:40:54,751 - services.memory_manager - DEBUG - Memory cleanup completed
2026-01-13 16:40:54,803 - gui.widgets.pcd_viewer_widget - DEBUG -   Combined array: (4289507, 6), 98.2 MB
2026-01-13 16:40:54,803 - gui.widgets.pcd_viewer_widget - DEBUG -   set_points() completed
2026-01-13 16:40:54,803 - core.data_manager - DEBUG - _render_visible_data() completed
2026-01-13 16:40:54,805 - gui.widgets.pcd_viewer_widget - DEBUG -   Creating VBO: 4,289,507 points, 98.2 MB
2026-01-13 16:40:54,805 - gui.widgets.pcd_viewer_widget - DEBUG -   VBO created
2026-01-13 16:40:55,616 - gui.widgets.tree_structure_widget - DEBUG - mousePressEvent: Ctrl held = False
2026-01-13 16:40:55,759 - core.data_manager - DEBUG - _render_visible_data() called
2026-01-13 16:40:55,759 - core.data_manager - DEBUG -   Visible branches: 4
2026-01-13 16:40:55,759 - core.data_manager - DEBUG -   Total points: 7,393,812, all_cached: False
2026-01-13 16:40:55,759 - services.memory_manager - DEBUG - Memory check: 7,393,812 points, cached=False
2026-01-13 16:40:55,759 - services.memory_manager - DEBUG -   Required: 406 MB, Available: 6,773 MB
2026-01-13 16:40:55,759 - core.data_manager - DEBUG -   Processing branch 1/4: 89690285...
2026-01-13 16:40:55,759 - core.data_manager - DEBUG -     Reconstructed: 2,908,131 points
2026-01-13 16:40:55,770 - core.data_manager - DEBUG -   Processing branch 2/4: 095da27f...
2026-01-13 16:40:55,770 - core.data_manager - DEBUG -     Reconstructed: 1,381,376 points
2026-01-13 16:40:55,774 - core.data_manager - DEBUG -   Processing branch 3/4: 5ace2bdc...
2026-01-13 16:40:55,774 - core.point_cloud - DEBUG - PointCloud.__init__() called
2026-01-13 16:40:55,774 - core.point_cloud - DEBUG -   Points shape: (1381376, 3)
2026-01-13 16:40:55,775 - core.point_cloud - DEBUG -   Points dtype: float32
2026-01-13 16:40:55,775 - core.point_cloud - DEBUG -   Points memory: 15.81 MB
2026-01-13 16:40:55,775 - core.point_cloud - DEBUG -   Colors shape: (1381376, 3), memory: 15.81 MB
2026-01-13 16:40:55,775 - core.point_cloud - DEBUG -   Normals shape: (1381376, 3), memory: 15.81 MB
2026-01-13 16:40:55,776 - core.point_cloud - DEBUG -   Calculating OBB...
2026-01-13 16:40:56,508 - core.point_cloud - DEBUG -   PointCloud created: 1381376 points, name=None
2026-01-13 16:40:56,508 - core.data_manager - DEBUG -     Reconstructed: 1,381,376 points
2026-01-13 16:40:56,508 - core.data_manager - DEBUG -     [AUTO-CACHE] dbscan,{'eps': 0.2, 'min_samples': 5, 'target_batch_size': 250000} (47.43 MB)
2026-01-13 16:40:56,514 - core.data_manager - DEBUG -   Processing branch 4/4: 558375f5...
2026-01-13 16:40:56,514 - core.data_manager - DEBUG -     Reconstructed: 1,722,929 points
2026-01-13 16:40:56,521 - core.data_manager - INFO -   Rendering 7,393,812 points
2026-01-13 16:40:56,521 - gui.widgets.pcd_viewer_widget - DEBUG - PCDViewerWidget.set_points() called
2026-01-13 16:40:56,521 - gui.widgets.pcd_viewer_widget - DEBUG -   Points: (7393812, 3), 84.6 MB
2026-01-13 16:40:56,521 - gui.widgets.pcd_viewer_widget - DEBUG -   Colors: (7393812, 3), 84.6 MB
2026-01-13 16:40:56,664 - services.memory_manager - DEBUG - CuPy memory pools cleared
2026-01-13 16:40:56,664 - services.memory_manager - DEBUG - Memory cleanup completed
2026-01-13 16:40:56,753 - gui.widgets.pcd_viewer_widget - DEBUG -   Combined array: (7393812, 6), 169.2 MB
2026-01-13 16:40:56,754 - gui.widgets.pcd_viewer_widget - DEBUG -   set_points() completed
2026-01-13 16:40:56,754 - core.data_manager - DEBUG - _render_visible_data() completed
2026-01-13 16:40:56,756 - gui.widgets.pcd_viewer_widget - DEBUG -   Creating VBO: 7,393,812 points, 169.2 MB
2026-01-13 16:40:56,756 - gui.widgets.pcd_viewer_widget - DEBUG -   VBO created
2026-01-13 16:40:59,182 - gui.widgets.tree_structure_widget - DEBUG - mousePressEvent: Ctrl held = False
2026-01-13 16:40:59,333 - core.data_manager - DEBUG - _render_visible_data() called
2026-01-13 16:40:59,333 - core.data_manager - DEBUG -   Visible branches: 5
2026-01-13 16:40:59,333 - core.data_manager - DEBUG -   Total points: 7,393,812, all_cached: False
2026-01-13 16:40:59,333 - services.memory_manager - DEBUG - Memory check: 7,393,812 points, cached=False
2026-01-13 16:40:59,333 - services.memory_manager - DEBUG -   Required: 406 MB, Available: 6,666 MB
2026-01-13 16:40:59,333 - core.data_manager - DEBUG -   Processing branch 1/5: 89690285...
2026-01-13 16:40:59,333 - core.data_manager - DEBUG -     Reconstructed: 2,908,131 points
2026-01-13 16:40:59,343 - core.data_manager - DEBUG -   Processing branch 2/5: 095da27f...
2026-01-13 16:40:59,343 - core.data_manager - DEBUG -     Reconstructed: 1,381,376 points
2026-01-13 16:40:59,349 - core.data_manager - DEBUG -   Processing branch 3/5: 5ace2bdc...
2026-01-13 16:40:59,349 - core.data_manager - DEBUG -     Reconstructed: 1,381,376 points
2026-01-13 16:40:59,355 - core.data_manager - DEBUG -   Processing branch 4/5: 5cdc8d09...
2026-01-13 16:40:59,360 - core.point_cloud - DEBUG - _apply_mask_inplace() called, mask has 1,185,202 True values
2026-01-13 16:40:59,360 - core.point_cloud - DEBUG -   Applying mask to points (1,381,376 points)...
2026-01-13 16:40:59,360 - services.backends.base - INFO - Masking (array) running on CuPy (GPU)
2026-01-13 16:40:59,527 - services.memory_manager - DEBUG - CuPy memory pools cleared
2026-01-13 16:40:59,527 - services.memory_manager - DEBUG - Memory cleanup completed
2026-01-13 16:40:59,529 - core.point_cloud - DEBUG -   Points masked: 1,185,202 points remaining
2026-01-13 16:40:59,529 - core.point_cloud - DEBUG -   Updating OBB dimensions...
2026-01-13 16:41:00,200 - core.point_cloud - DEBUG -   OBB update complete
2026-01-13 16:41:00,200 - core.point_cloud - DEBUG -   Applying mask to colors...
2026-01-13 16:41:00,200 - services.backends.base - INFO - Masking (array) running on CuPy (GPU)
2026-01-13 16:41:00,369 - services.memory_manager - DEBUG - CuPy memory pools cleared
2026-01-13 16:41:00,369 - services.memory_manager - DEBUG - Memory cleanup completed
2026-01-13 16:41:00,370 - core.point_cloud - DEBUG -   Colors masked
2026-01-13 16:41:00,370 - core.point_cloud - DEBUG -   Applying mask to normals...
2026-01-13 16:41:00,370 - services.backends.base - INFO - Masking (array) running on CuPy (GPU)
2026-01-13 16:41:00,539 - services.memory_manager - DEBUG - CuPy memory pools cleared
2026-01-13 16:41:00,539 - services.memory_manager - DEBUG - Memory cleanup completed
2026-01-13 16:41:00,540 - core.point_cloud - DEBUG -   Normals masked
2026-01-13 16:41:00,540 - core.point_cloud - DEBUG -   Processing 0 custom attributes...
2026-01-13 16:41:00,540 - core.point_cloud - DEBUG - _apply_mask_inplace() completed
2026-01-13 16:41:00,540 - core.data_manager - DEBUG -     Reconstructed: 1,185,202 points
2026-01-13 16:41:00,541 - core.data_manager - DEBUG -     [AUTO-CACHE] separate_selected_clusters,{'new_branch_name': 'Ground'} (40.69 MB)
2026-01-13 16:41:00,545 - core.data_manager - DEBUG -   Processing branch 5/5: 558375f5...
2026-01-13 16:41:00,545 - core.data_manager - DEBUG -     Reconstructed: 1,722,929 points
2026-01-13 16:41:00,545 - core.data_manager - ERROR -     Error: could not broadcast input array from shape (1722929,3) into shape (537727,3)
2026-01-13 16:41:00,546 - core.data_manager - ERROR - Traceback (most recent call last):
  File "/media/sepehr/Data1/OneDrive/AI/SPCToolkit-Plugin Base 00/core/data_manager.py", line 613, in _render_visible_data
    all_points[offset:offset + n] = point_cloud.points
    ~~~~~~~~~~^^^^^^^^^^^^^^^^^^^
ValueError: could not broadcast input array from shape (1722929,3) into shape (537727,3)

2026-01-13 16:41:00,546 - core.data_manager - INFO -   Rendering 6,856,085 points
2026-01-13 16:41:00,546 - gui.widgets.pcd_viewer_widget - DEBUG - PCDViewerWidget.set_points() called
2026-01-13 16:41:00,546 - gui.widgets.pcd_viewer_widget - DEBUG -   Points: (6856085, 3), 78.5 MB
2026-01-13 16:41:00,546 - gui.widgets.pcd_viewer_widget - DEBUG -   Colors: (6856085, 3), 78.5 MB
2026-01-13 16:41:00,706 - services.memory_manager - DEBUG - CuPy memory pools cleared
2026-01-13 16:41:00,706 - services.memory_manager - DEBUG - Memory cleanup completed
2026-01-13 16:41:00,792 - gui.widgets.pcd_viewer_widget - DEBUG -   Combined array: (6856085, 6), 156.9 MB
2026-01-13 16:41:00,792 - gui.widgets.pcd_viewer_widget - DEBUG -   set_points() completed
2026-01-13 16:41:00,792 - core.data_manager - DEBUG - _render_visible_data() completed
2026-01-13 16:41:00,794 - gui.widgets.pcd_viewer_widget - DEBUG -   Creating VBO: 6,856,085 points, 156.9 MB
2026-01-13 16:41:00,794 - gui.widgets.pcd_viewer_widget - DEBUG -   VBO created
2026-01-13 16:41:02,087 - gui.widgets.tree_structure_widget - DEBUG - mousePressEvent: Ctrl held = False
2026-01-13 16:41:02,088 - gui.widgets.tree_structure_widget - DEBUG - on_selection_changed: _ctrl_held = False
2026-01-13 16:41:02,088 - gui.widgets.tree_structure_widget - DEBUG - on_selection_changed: emitting 1 selected UIDs
2026-01-13 16:41:03,789 - gui.widgets.tree_structure_widget - DEBUG - mousePressEvent: Ctrl held = False
2026-01-13 16:41:03,939 - core.data_manager - DEBUG - _render_visible_data() called
2026-01-13 16:41:03,939 - core.data_manager - DEBUG -   Visible branches: 6
2026-01-13 16:41:03,939 - core.data_manager - DEBUG -   Total points: 8,579,014, all_cached: False
2026-01-13 16:41:03,939 - services.memory_manager - DEBUG - Memory check: 8,579,014 points, cached=False
2026-01-13 16:41:03,939 - services.memory_manager - DEBUG -   Required: 471 MB, Available: 6,622 MB
2026-01-13 16:41:03,939 - core.data_manager - DEBUG -   Processing branch 1/6: 89690285...
2026-01-13 16:41:03,939 - core.data_manager - DEBUG -     Reconstructed: 2,908,131 points
2026-01-13 16:41:03,950 - core.data_manager - DEBUG -   Processing branch 2/6: 095da27f...
2026-01-13 16:41:03,951 - core.data_manager - DEBUG -     Reconstructed: 1,381,376 points
2026-01-13 16:41:03,955 - core.data_manager - DEBUG -   Processing branch 3/6: 5ace2bdc...
2026-01-13 16:41:03,955 - core.data_manager - DEBUG -     Reconstructed: 1,381,376 points
2026-01-13 16:41:03,960 - core.data_manager - DEBUG -   Processing branch 4/6: 5cdc8d09...
2026-01-13 16:41:03,960 - core.data_manager - DEBUG -     Reconstructed: 1,185,202 points
2026-01-13 16:41:03,964 - core.data_manager - DEBUG -   Processing branch 5/6: d0341a14...
2026-01-13 16:41:03,979 - core.point_cloud - DEBUG - _apply_mask_inplace() called, mask has 1,722,929 True values
2026-01-13 16:41:03,979 - core.point_cloud - DEBUG -   Applying mask to points (2,908,131 points)...
2026-01-13 16:41:03,979 - services.backends.base - INFO - Masking (array) running on CuPy (GPU)
2026-01-13 16:41:04,188 - services.memory_manager - DEBUG - CuPy memory pools cleared
2026-01-13 16:41:04,188 - services.memory_manager - DEBUG - Memory cleanup completed
2026-01-13 16:41:04,192 - core.point_cloud - DEBUG -   Points masked: 1,722,929 points remaining
2026-01-13 16:41:04,192 - core.point_cloud - DEBUG -   Updating OBB dimensions...
2026-01-13 16:41:05,163 - core.point_cloud - DEBUG -   OBB update complete
2026-01-13 16:41:05,163 - core.point_cloud - DEBUG -   Applying mask to colors...
2026-01-13 16:41:05,163 - services.backends.base - INFO - Masking (array) running on CuPy (GPU)
2026-01-13 16:41:05,370 - services.memory_manager - DEBUG - CuPy memory pools cleared
2026-01-13 16:41:05,371 - services.memory_manager - DEBUG - Memory cleanup completed
2026-01-13 16:41:05,374 - core.point_cloud - DEBUG -   Colors masked
2026-01-13 16:41:05,374 - core.point_cloud - DEBUG -   Applying mask to normals...
2026-01-13 16:41:05,374 - services.backends.base - INFO - Masking (array) running on CuPy (GPU)
2026-01-13 16:41:05,585 - services.memory_manager - DEBUG - CuPy memory pools cleared
2026-01-13 16:41:05,586 - services.memory_manager - DEBUG - Memory cleanup completed
2026-01-13 16:41:05,589 - core.point_cloud - DEBUG -   Normals masked
2026-01-13 16:41:05,589 - core.point_cloud - DEBUG -   Processing 0 custom attributes...
2026-01-13 16:41:05,589 - core.point_cloud - DEBUG - _apply_mask_inplace() completed
2026-01-13 16:41:05,590 - core.data_manager - DEBUG -     Reconstructed: 1,722,929 points
2026-01-13 16:41:05,590 - core.data_manager - DEBUG -     [AUTO-CACHE] subtract,{'subtract_node': '5cdc8d09-dc02-487a-ad9f-ebbfcc276955'} (59.15 MB)
2026-01-13 16:41:05,598 - core.data_manager - DEBUG -   Processing branch 6/6: 558375f5...
2026-01-13 16:41:05,598 - core.data_manager - DEBUG -     Reconstructed: 1,722,929 points
2026-01-13 16:41:05,598 - core.data_manager - ERROR -     Error: could not broadcast input array from shape (1722929,3) into shape (0,3)
2026-01-13 16:41:05,599 - core.data_manager - ERROR - Traceback (most recent call last):
  File "/media/sepehr/Data1/OneDrive/AI/SPCToolkit-Plugin Base 00/core/data_manager.py", line 613, in _render_visible_data
    all_points[offset:offset + n] = point_cloud.points
    ~~~~~~~~~~^^^^^^^^^^^^^^^^^^^
ValueError: could not broadcast input array from shape (1722929,3) into shape (0,3)

2026-01-13 16:41:05,599 - core.data_manager - INFO -   Rendering 8,579,014 points
2026-01-13 16:41:05,599 - gui.widgets.pcd_viewer_widget - DEBUG - PCDViewerWidget.set_points() called
2026-01-13 16:41:05,599 - gui.widgets.pcd_viewer_widget - DEBUG -   Points: (8579014, 3), 98.2 MB
2026-01-13 16:41:05,599 - gui.widgets.pcd_viewer_widget - DEBUG -   Colors: (8579014, 3), 98.2 MB
2026-01-13 16:41:05,741 - services.memory_manager - DEBUG - CuPy memory pools cleared
2026-01-13 16:41:05,741 - services.memory_manager - DEBUG - Memory cleanup completed
2026-01-13 16:41:05,845 - gui.widgets.pcd_viewer_widget - DEBUG -   Combined array: (8579014, 6), 196.4 MB
2026-01-13 16:41:05,845 - gui.widgets.pcd_viewer_widget - DEBUG -   set_points() completed
2026-01-13 16:41:05,846 - core.data_manager - DEBUG - _render_visible_data() completed
2026-01-13 16:41:05,848 - gui.widgets.pcd_viewer_widget - DEBUG -   Creating VBO: 8,579,014 points, 196.4 MB
2026-01-13 16:41:05,848 - gui.widgets.pcd_viewer_widget - DEBUG -   VBO created
2026-01-13 16:41:05,922 - gui.widgets.tree_structure_widget - DEBUG - mousePressEvent: Ctrl held = False
2026-01-13 16:41:06,105 - core.data_manager - DEBUG - _render_visible_data() called
2026-01-13 16:41:06,106 - core.data_manager - DEBUG -   Visible branches: 7
2026-01-13 16:41:06,106 - core.data_manager - DEBUG -   Total points: 12,024,872, all_cached: False
2026-01-13 16:41:06,106 - services.memory_manager - DEBUG - Memory check: 12,024,872 points, cached=False
2026-01-13 16:41:06,106 - services.memory_manager - DEBUG -   Required: 660 MB, Available: 6,537 MB
2026-01-13 16:41:06,106 - core.data_manager - DEBUG -   Processing branch 1/7: 89690285...
2026-01-13 16:41:06,106 - core.data_manager - DEBUG -     Reconstructed: 2,908,131 points
2026-01-13 16:41:06,116 - core.data_manager - DEBUG -   Processing branch 2/7: 095da27f...
2026-01-13 16:41:06,117 - core.data_manager - DEBUG -     Reconstructed: 1,381,376 points
2026-01-13 16:41:06,121 - core.data_manager - DEBUG -   Processing branch 3/7: 5ace2bdc...
2026-01-13 16:41:06,121 - core.data_manager - DEBUG -     Reconstructed: 1,381,376 points
2026-01-13 16:41:06,126 - core.data_manager - DEBUG -   Processing branch 4/7: 5cdc8d09...
2026-01-13 16:41:06,126 - core.data_manager - DEBUG -     Reconstructed: 1,185,202 points
2026-01-13 16:41:06,129 - core.data_manager - DEBUG -   Processing branch 5/7: d0341a14...
2026-01-13 16:41:06,130 - core.data_manager - DEBUG -     Reconstructed: 1,722,929 points
2026-01-13 16:41:06,138 - core.data_manager - DEBUG -   Processing branch 6/7: f310ea1e...
2026-01-13 16:41:06,138 - core.point_cloud - DEBUG - PointCloud.__init__() called
2026-01-13 16:41:06,138 - core.point_cloud - DEBUG -   Points shape: (1722929, 3)
2026-01-13 16:41:06,138 - core.point_cloud - DEBUG -   Points dtype: float32
2026-01-13 16:41:06,138 - core.point_cloud - DEBUG -   Points memory: 19.72 MB
2026-01-13 16:41:06,138 - core.point_cloud - DEBUG -   Colors shape: (1722929, 3), memory: 19.72 MB
2026-01-13 16:41:06,138 - core.point_cloud - DEBUG -   Normals shape: (1722929, 3), memory: 19.72 MB
2026-01-13 16:41:06,140 - core.point_cloud - DEBUG -   Calculating OBB...
2026-01-13 16:41:07,110 - core.point_cloud - DEBUG -   PointCloud created: 1722929 points, name=None
2026-01-13 16:41:07,110 - core.data_manager - DEBUG -     Reconstructed: 1,722,929 points
2026-01-13 16:41:07,111 - core.data_manager - DEBUG -     [AUTO-CACHE] dbscan,{'eps': 0.2, 'min_samples': 5, 'target_batch_size': 250000} (59.15 MB)
2026-01-13 16:41:07,116 - core.data_manager - DEBUG -   Processing branch 7/7: 558375f5...
2026-01-13 16:41:07,117 - core.data_manager - DEBUG -     Reconstructed: 1,722,929 points
2026-01-13 16:41:07,123 - core.data_manager - INFO -   Rendering 12,024,872 points
2026-01-13 16:41:07,123 - gui.widgets.pcd_viewer_widget - DEBUG - PCDViewerWidget.set_points() called
2026-01-13 16:41:07,123 - gui.widgets.pcd_viewer_widget - DEBUG -   Points: (12024872, 3), 137.6 MB
2026-01-13 16:41:07,123 - gui.widgets.pcd_viewer_widget - DEBUG -   Colors: (12024872, 3), 137.6 MB
2026-01-13 16:41:07,265 - services.memory_manager - DEBUG - CuPy memory pools cleared
2026-01-13 16:41:07,265 - services.memory_manager - DEBUG - Memory cleanup completed
2026-01-13 16:41:07,413 - gui.widgets.pcd_viewer_widget - DEBUG -   Combined array: (12024872, 6), 275.2 MB
2026-01-13 16:41:07,413 - gui.widgets.pcd_viewer_widget - DEBUG -   set_points() completed
2026-01-13 16:41:07,413 - core.data_manager - DEBUG - _render_visible_data() completed
2026-01-13 16:41:07,415 - gui.widgets.pcd_viewer_widget - DEBUG -   Creating VBO: 12,024,872 points, 275.2 MB
2026-01-13 16:41:07,415 - gui.widgets.pcd_viewer_widget - DEBUG -   VBO created
2026-01-13 16:41:08,178 - gui.widgets.tree_structure_widget - DEBUG - mousePressEvent: Ctrl held = False
2026-01-13 16:41:08,335 - core.data_manager - DEBUG - _render_visible_data() called
2026-01-13 16:41:08,335 - core.data_manager - DEBUG -   Visible branches: 8
2026-01-13 16:41:08,335 - core.data_manager - DEBUG -   Total points: 13,747,801, all_cached: False
2026-01-13 16:41:08,336 - services.memory_manager - DEBUG - Memory check: 13,747,801 points, cached=False
2026-01-13 16:41:08,336 - services.memory_manager - DEBUG -   Required: 755 MB, Available: 6,454 MB
2026-01-13 16:41:08,336 - core.data_manager - DEBUG -   Processing branch 1/8: 89690285...
2026-01-13 16:41:08,336 - core.data_manager - DEBUG -     Reconstructed: 2,908,131 points
2026-01-13 16:41:08,345 - core.data_manager - DEBUG -   Processing branch 2/8: 095da27f...
2026-01-13 16:41:08,345 - core.data_manager - DEBUG -     Reconstructed: 1,381,376 points
2026-01-13 16:41:08,351 - core.data_manager - DEBUG -   Processing branch 3/8: 5ace2bdc...
2026-01-13 16:41:08,351 - core.data_manager - DEBUG -     Reconstructed: 1,381,376 points
2026-01-13 16:41:08,356 - core.data_manager - DEBUG -   Processing branch 4/8: 5cdc8d09...
2026-01-13 16:41:08,356 - core.data_manager - DEBUG -     Reconstructed: 1,185,202 points
2026-01-13 16:41:08,359 - core.data_manager - DEBUG -   Processing branch 5/8: d0341a14...
2026-01-13 16:41:08,359 - core.data_manager - DEBUG -     Reconstructed: 1,722,929 points
2026-01-13 16:41:08,367 - core.data_manager - DEBUG -   Processing branch 6/8: f310ea1e...
2026-01-13 16:41:08,367 - core.data_manager - DEBUG -     Reconstructed: 1,722,929 points
2026-01-13 16:41:08,373 - core.data_manager - DEBUG -   Processing branch 7/8: 1d05afdf...
2026-01-13 16:41:08,373 - core.point_cloud - DEBUG - PointCloud.__init__() called
2026-01-13 16:41:08,373 - core.point_cloud - DEBUG -   Points shape: (1722929, 3)
2026-01-13 16:41:08,373 - core.point_cloud - DEBUG -   Points dtype: float32
2026-01-13 16:41:08,373 - core.point_cloud - DEBUG -   Points memory: 19.72 MB
2026-01-13 16:41:08,373 - core.point_cloud - DEBUG -   Colors shape: (1722929, 3), memory: 19.72 MB
2026-01-13 16:41:08,373 - core.point_cloud - DEBUG -   Normals shape: (1722929, 3), memory: 19.72 MB
2026-01-13 16:41:08,375 - core.point_cloud - DEBUG -   Calculating OBB...
2026-01-13 16:41:09,335 - core.point_cloud - DEBUG -   PointCloud created: 1722929 points, name=None
2026-01-13 16:41:09,335 - core.data_manager - DEBUG -     Reconstructed: 1,722,929 points
2026-01-13 16:41:09,335 - core.data_manager - DEBUG -     [AUTO-CACHE] dbscan,{'eps': 0.3, 'min_samples': 5, 'target_batch_size': 250000} (59.15 MB)
2026-01-13 16:41:09,344 - core.data_manager - DEBUG -   Processing branch 8/8: 558375f5...
2026-01-13 16:41:09,344 - core.data_manager - DEBUG -     Reconstructed: 1,722,929 points
2026-01-13 16:41:09,352 - core.data_manager - INFO -   Rendering 13,747,801 points
2026-01-13 16:41:09,352 - gui.widgets.pcd_viewer_widget - DEBUG - PCDViewerWidget.set_points() called
2026-01-13 16:41:09,352 - gui.widgets.pcd_viewer_widget - DEBUG -   Points: (13747801, 3), 157.3 MB
2026-01-13 16:41:09,352 - gui.widgets.pcd_viewer_widget - DEBUG -   Colors: (13747801, 3), 157.3 MB
2026-01-13 16:41:09,496 - services.memory_manager - DEBUG - CuPy memory pools cleared
2026-01-13 16:41:09,496 - services.memory_manager - DEBUG - Memory cleanup completed
2026-01-13 16:41:09,664 - gui.widgets.pcd_viewer_widget - DEBUG -   Combined array: (13747801, 6), 314.7 MB
2026-01-13 16:41:09,664 - gui.widgets.pcd_viewer_widget - DEBUG -   set_points() completed
2026-01-13 16:41:09,664 - core.data_manager - DEBUG - _render_visible_data() completed
2026-01-13 16:41:09,667 - gui.widgets.pcd_viewer_widget - DEBUG -   Creating VBO: 13,747,801 points, 314.7 MB
2026-01-13 16:41:09,667 - gui.widgets.pcd_viewer_widget - DEBUG -   VBO created
2026-01-13 16:41:11,059 - gui.widgets.tree_structure_widget - DEBUG - mousePressEvent: Ctrl held = False
2026-01-13 16:41:11,182 - core.point_cloud - DEBUG - PointCloud.__init__() called
2026-01-13 16:41:11,182 - core.point_cloud - DEBUG -   Points shape: (1722929, 3)
2026-01-13 16:41:11,182 - core.point_cloud - DEBUG -   Points dtype: float32
2026-01-13 16:41:11,182 - core.point_cloud - DEBUG -   Points memory: 19.72 MB
2026-01-13 16:41:11,182 - core.point_cloud - DEBUG -   Colors shape: (1722929, 3), memory: 19.72 MB
2026-01-13 16:41:11,182 - core.point_cloud - DEBUG -   Normals shape: (1722929, 3), memory: 19.72 MB
2026-01-13 16:41:11,185 - core.point_cloud - DEBUG -   Calculating OBB...
2026-01-13 16:41:12,155 - core.point_cloud - DEBUG -   PointCloud created: 1722929 points, name=None
2026-01-13 16:41:12,802 - gui.widgets.tree_structure_widget - DEBUG - mousePressEvent: Ctrl held = False
2026-01-13 16:41:12,991 - core.data_manager - DEBUG - _render_visible_data() called
2026-01-13 16:41:12,991 - core.data_manager - DEBUG -   Visible branches: 9
2026-01-13 16:41:12,991 - core.data_manager - DEBUG -   Total points: 15,470,730, all_cached: True
2026-01-13 16:41:12,991 - services.memory_manager - DEBUG - Memory check: 15,470,730 points, cached=True
2026-01-13 16:41:12,991 - services.memory_manager - DEBUG -   Required: 424 MB, Available: 6,376 MB
2026-01-13 16:41:12,991 - core.data_manager - DEBUG -   Processing branch 1/9: 89690285...
2026-01-13 16:41:12,991 - core.data_manager - DEBUG -     Reconstructed: 2,908,131 points
2026-01-13 16:41:13,000 - core.data_manager - DEBUG -   Processing branch 2/9: 095da27f...
2026-01-13 16:41:13,000 - core.data_manager - DEBUG -     Reconstructed: 1,381,376 points
2026-01-13 16:41:13,006 - core.data_manager - DEBUG -   Processing branch 3/9: 5ace2bdc...
2026-01-13 16:41:13,006 - core.data_manager - DEBUG -     Reconstructed: 1,381,376 points
2026-01-13 16:41:13,011 - core.data_manager - DEBUG -   Processing branch 4/9: 5cdc8d09...
2026-01-13 16:41:13,011 - core.data_manager - DEBUG -     Reconstructed: 1,185,202 points
2026-01-13 16:41:13,014 - core.data_manager - DEBUG -   Processing branch 5/9: d0341a14...
2026-01-13 16:41:13,014 - core.data_manager - DEBUG -     Reconstructed: 1,722,929 points
2026-01-13 16:41:13,022 - core.data_manager - DEBUG -   Processing branch 6/9: f310ea1e...
2026-01-13 16:41:13,022 - core.data_manager - DEBUG -     Reconstructed: 1,722,929 points
2026-01-13 16:41:13,027 - core.data_manager - DEBUG -   Processing branch 7/9: 1d05afdf...
2026-01-13 16:41:13,027 - core.data_manager - DEBUG -     Reconstructed: 1,722,929 points
2026-01-13 16:41:13,035 - core.data_manager - DEBUG -   Processing branch 8/9: 558375f5...
2026-01-13 16:41:13,035 - core.data_manager - DEBUG -     Reconstructed: 1,722,929 points
2026-01-13 16:41:13,041 - core.data_manager - DEBUG -   Processing branch 9/9: df1f3f77...
2026-01-13 16:41:13,042 - core.data_manager - DEBUG -     Reconstructed: 1,722,929 points
2026-01-13 16:41:13,046 - core.data_manager - INFO -   Rendering 15,470,730 points
2026-01-13 16:41:13,046 - gui.widgets.pcd_viewer_widget - DEBUG - PCDViewerWidget.set_points() called
2026-01-13 16:41:13,046 - gui.widgets.pcd_viewer_widget - DEBUG -   Points: (15470730, 3), 177.0 MB
2026-01-13 16:41:13,046 - gui.widgets.pcd_viewer_widget - DEBUG -   Colors: (15470730, 3), 177.0 MB
2026-01-13 16:41:13,192 - services.memory_manager - DEBUG - CuPy memory pools cleared
2026-01-13 16:41:13,192 - services.memory_manager - DEBUG - Memory cleanup completed
2026-01-13 16:41:13,382 - gui.widgets.pcd_viewer_widget - DEBUG -   Combined array: (15470730, 6), 354.1 MB
2026-01-13 16:41:13,382 - gui.widgets.pcd_viewer_widget - DEBUG -   set_points() completed
2026-01-13 16:41:13,382 - core.data_manager - DEBUG - _render_visible_data() completed
2026-01-13 16:41:13,385 - gui.widgets.pcd_viewer_widget - DEBUG -   Creating VBO: 15,470,730 points, 354.1 MB
2026-01-13 16:41:13,385 - gui.widgets.pcd_viewer_widget - DEBUG -   VBO created
